


ARM Macro Assembler    Page 1 


    1 00000000         ; gpio.s
    2 00000000         ; Desenvolvido para a placa EK-TM4C1294XL
    3 00000000         ; Prof. Guilherme Peron
    4 00000000         ; Ver 1 19/03/2018
    5 00000000         ; Ver 2 26/08/2018
    6 00000000         
    7 00000000         ; ------------------------------------------------------
                       -------------------------
    8 00000000                 THUMB                        ; Instruções do tip
                                                            o Thumb-2
    9 00000000         ; ------------------------------------------------------
                       -------------------------
   10 00000000         ; Declarações EQU - Defines
   11 00000000         ; ========================
   12 00000000         ; Definições de Valores
   13 00000000 00000001 
                       BIT0    EQU              2_0001
   14 00000000 00000002 
                       BIT1    EQU              2_0010
   15 00000000         ; ========================
   16 00000000         ; Definições dos Registradores Gerais
   17 00000000 400FE608 
                       SYSCTL_RCGCGPIO_R
                               EQU              0x400FE608
   18 00000000 400FEA08 
                       SYSCTL_PRGPIO_R
                               EQU              0x400FEA08
   19 00000000         ; ========================
   20 00000000         ; Definições dos Ports
   21 00000000         ; PORT M
   22 00000000 40063520 
                       GPIO_PORTM_AHB_LOCK_R
                               EQU              0x40063520
   23 00000000 40063524 
                       GPIO_PORTM_AHB_CR_R
                               EQU              0x40063524
   24 00000000 40063528 
                       GPIO_PORTM_AHB_AMSEL_R
                               EQU              0x40063528
   25 00000000 4006352C 
                       GPIO_PORTM_AHB_PCTL_R
                               EQU              0x4006352C
   26 00000000 40063400 
                       GPIO_PORTM_AHB_DIR_R
                               EQU              0x40063400
   27 00000000 40063420 
                       GPIO_PORTM_AHB_AFSEL_R
                               EQU              0x40063420
   28 00000000 4006351C 
                       GPIO_PORTM_AHB_DEN_R
                               EQU              0x4006351C
   29 00000000 40063510 
                       GPIO_PORTM_AHB_PUR_R
                               EQU              0x40063510
   30 00000000 400633FC 
                       GPIO_PORTM_AHB_DATA_R
                               EQU              0x400633FC
   31 00000000 00000800 
                       GPIO_PORTM



ARM Macro Assembler    Page 2 


                               EQU              2_000100000000000
   32 00000000         ; PORT J
   33 00000000 40060520 
                       GPIO_PORTJ_AHB_LOCK_R
                               EQU              0x40060520
   34 00000000 40060524 
                       GPIO_PORTJ_AHB_CR_R
                               EQU              0x40060524
   35 00000000 40060528 
                       GPIO_PORTJ_AHB_AMSEL_R
                               EQU              0x40060528
   36 00000000 4006052C 
                       GPIO_PORTJ_AHB_PCTL_R
                               EQU              0x4006052C
   37 00000000 40060400 
                       GPIO_PORTJ_AHB_DIR_R
                               EQU              0x40060400
   38 00000000 40060420 
                       GPIO_PORTJ_AHB_AFSEL_R
                               EQU              0x40060420
   39 00000000 4006051C 
                       GPIO_PORTJ_AHB_DEN_R
                               EQU              0x4006051C
   40 00000000 40060510 
                       GPIO_PORTJ_AHB_PUR_R
                               EQU              0x40060510
   41 00000000 400603FC 
                       GPIO_PORTJ_AHB_DATA_R
                               EQU              0x400603FC
   42 00000000 00000100 
                       GPIO_PORTJ
                               EQU              2_000000100000000
   43 00000000         ; PORT F
   44 00000000 4005D520 
                       GPIO_PORTF_AHB_LOCK_R
                               EQU              0x4005D520
   45 00000000 4005D524 
                       GPIO_PORTF_AHB_CR_R
                               EQU              0x4005D524
   46 00000000 4005D528 
                       GPIO_PORTF_AHB_AMSEL_R
                               EQU              0x4005D528
   47 00000000 4005D52C 
                       GPIO_PORTF_AHB_PCTL_R
                               EQU              0x4005D52C
   48 00000000 4005D400 
                       GPIO_PORTF_AHB_DIR_R
                               EQU              0x4005D400
   49 00000000 4005D420 
                       GPIO_PORTF_AHB_AFSEL_R
                               EQU              0x4005D420
   50 00000000 4005D51C 
                       GPIO_PORTF_AHB_DEN_R
                               EQU              0x4005D51C
   51 00000000 4005D510 
                       GPIO_PORTF_AHB_PUR_R
                               EQU              0x4005D510
   52 00000000 4005D3FC 
                       GPIO_PORTF_AHB_DATA_R



ARM Macro Assembler    Page 3 


                               EQU              0x4005D3FC
   53 00000000 00000020 
                       GPIO_PORTF
                               EQU              2_000000000100000
   54 00000000         ; PORT A
   55 00000000 40058520 
                       GPIO_PORTA_AHB_LOCK_R
                               EQU              0x40058520
   56 00000000 40058524 
                       GPIO_PORTA_AHB_CR_R
                               EQU              0x40058524
   57 00000000 40058528 
                       GPIO_PORTA_AHB_AMSEL_R
                               EQU              0x40058528
   58 00000000 4005852C 
                       GPIO_PORTA_AHB_PCTL_R
                               EQU              0x4005852C
   59 00000000 40058400 
                       GPIO_PORTA_AHB_DIR_R
                               EQU              0x40058400
   60 00000000 40058420 
                       GPIO_PORTA_AHB_AFSEL_R
                               EQU              0x40058420
   61 00000000 4005851C 
                       GPIO_PORTA_AHB_DEN_R
                               EQU              0x4005851C
   62 00000000 40058510 
                       GPIO_PORTA_AHB_PUR_R
                               EQU              0x40058510
   63 00000000 400583FC 
                       GPIO_PORTA_AHB_DATA_R
                               EQU              0x400583FC
   64 00000000 00000001 
                       GPIO_PORTA
                               EQU              2_000000000000001
   65 00000000         ; PORT Q
   66 00000000 40066520 
                       GPIO_PORTQ_AHB_LOCK_R
                               EQU              0x40066520
   67 00000000 40066524 
                       GPIO_PORTQ_AHB_CR_R
                               EQU              0x40066524
   68 00000000 40066528 
                       GPIO_PORTQ_AHB_AMSEL_R
                               EQU              0x40066528
   69 00000000 4006652C 
                       GPIO_PORTQ_AHB_PCTL_R
                               EQU              0x4006652C
   70 00000000 40066400 
                       GPIO_PORTQ_AHB_DIR_R
                               EQU              0x40066400
   71 00000000 40066420 
                       GPIO_PORTQ_AHB_AFSEL_R
                               EQU              0x40066420
   72 00000000 4006651C 
                       GPIO_PORTQ_AHB_DEN_R
                               EQU              0x4006651C
   73 00000000 40066510 
                       GPIO_PORTQ_AHB_PUR_R



ARM Macro Assembler    Page 4 


                               EQU              0x40066510
   74 00000000 400663FC 
                       GPIO_PORTQ_AHB_DATA_R
                               EQU              0x400663FC
   75 00000000 00004000 
                       GPIO_PORTQ
                               EQU              2_100000000000000
   76 00000000         ; PORT B
   77 00000000 40059520 
                       GPIO_PORTB_AHB_LOCK_R
                               EQU              0x40059520
   78 00000000 40059524 
                       GPIO_PORTB_AHB_CR_R
                               EQU              0x40059524
   79 00000000 40059528 
                       GPIO_PORTB_AHB_AMSEL_R
                               EQU              0x40059528
   80 00000000 4005952C 
                       GPIO_PORTB_AHB_PCTL_R
                               EQU              0x4005952C
   81 00000000 40059400 
                       GPIO_PORTB_AHB_DIR_R
                               EQU              0x40059400
   82 00000000 40059420 
                       GPIO_PORTB_AHB_AFSEL_R
                               EQU              0x40059420
   83 00000000 4005951C 
                       GPIO_PORTB_AHB_DEN_R
                               EQU              0x4005951C
   84 00000000 40059510 
                       GPIO_PORTB_AHB_PUR_R
                               EQU              0x40059510
   85 00000000 400593FC 
                       GPIO_PORTB_AHB_DATA_R
                               EQU              0x400593FC
   86 00000000 00000002 
                       GPIO_PORTB
                               EQU              2_000000000000010
   87 00000000         
   88 00000000         ; ------------------------------------------------------
                       -------------------------
   89 00000000         ; Área de Código - Tudo abaixo da diretiva a seguir será
                        armazenado na memória de 
   90 00000000         ;                  código
   91 00000000                 AREA             |.text|, CODE, READONLY, ALIGN=
2
   92 00000000         
   93 00000000         ; Se alguma função do arquivo for chamada em outro arqui
                       vo 
   94 00000000                 EXPORT           GPIO_Init   ; Permite chamar GP
                                                            IO_Init de outro ar
                                                            quivo
   95 00000000                 EXPORT           PortQ_Output ; Permite chamar P
                                                            ortF_Output de outr
                                                            o arquivo
   96 00000000                 EXPORT           PortA_Output ; Permite chamar P
                                                            ortJ_Input de outro
                                                             arquivo
   97 00000000                 EXPORT           PortB_Output ; Permite chamar P



ARM Macro Assembler    Page 5 


                                                            ortJ_Input de outro
                                                             arquivo
   98 00000000                 EXPORT           PortJ_Input ; Permite chamar Po
                                                            rtJ_Input de outro 
                                                            arquivo
   99 00000000                 EXPORT           PortM_Output ; Permite chamar P
                                                            ortJ_Input de outro
                                                             arquivo
  100 00000000                 EXPORT           PortM_Input ; Permite chamar Po
                                                            rtJ_Input de outro 
                                                            arquivo
  101 00000000         
  102 00000000         
  103 00000000         ;-------------------------------------------------------
                       -------------------------
  104 00000000         ; Função GPIO_Init
  105 00000000         ; Parâmetro de entrada: Não tem
  106 00000000         ; Parâmetro de saída: Não tem
  107 00000000         GPIO_Init
  108 00000000         ;=====================
  109 00000000         ; 1. Ativar o clock para a porta setando o bit correspon
                       dente no registrador RCGCGPIO,
  110 00000000         ; após isso verificar no PRGPIO se a porta está pronta p
                       ara uso.
  111 00000000         ; enable clock to GPIOF at clock gating register
  112 00000000 4848            LDR              R0, =SYSCTL_RCGCGPIO_R ;Carrega
                                                             o endereço do regi
                                                            strador RCGCGPIO
  113 00000002 F04F 0101       MOV              R1, #GPIO_PORTA ;Seta o bit da 
                                                            porta F
  114 00000006 F441 4180       ORR              R1, #GPIO_PORTQ ;Seta o bit da 
                                                            porta J, fazendo co
                                                            m OR
  115 0000000A F041 0102       ORR              R1, #GPIO_PORTB ;Seta o bit da 
                                                            porta J, fazendo co
                                                            m OR
  116 0000000E F441 7180       ORR              R1, #GPIO_PORTJ ;Seta o bit da 
                                                            porta J, fazendo co
                                                            m OR
  117 00000012 F441 6100       ORR              R1, #GPIO_PORTM ;Seta o bit da 
                                                            porta J, fazendo co
                                                            m OR
  118 00000016 6001            STR              R1, [R0]    ;Move para a memóri
                                                            a os bits das porta
                                                            s no endereço do RC
                                                            GCGPIO
  119 00000018         
  120 00000018 4843            LDR              R0, =SYSCTL_PRGPIO_R ;Carrega o
                                                             endereço do PRGPIO
                                                             para esperar os GP
                                                            IO ficarem prontos
  121 0000001A 6801    EsperaGPIO
                               LDR              R1, [R0]    ;Lê da memória o co
                                                            nteúdo do endereço 
                                                            do registrador
  122 0000001C F04F 0201       MOV              R2, #GPIO_PORTA ;Seta os bits c
                                                            orrespondentes às p
                                                            ortas para fazer a 
                                                            comparação



ARM Macro Assembler    Page 6 


  123 00000020 F442 4280       ORR              R2, #GPIO_PORTQ ;Seta o bit da 
                                                            porta J, fazendo co
                                                            m OR
  124 00000024 F042 0202       ORR              R2, #GPIO_PORTB ;Seta o bit da 
                                                            porta J, fazendo co
                                                            m OR
  125 00000028 F442 7280       ORR              R2, #GPIO_PORTJ ;Seta o bit da 
                                                            porta J, fazendo co
                                                            m OR
  126 0000002C F442 6200       ORR              R2, #GPIO_PORTM ;Seta o bit da 
                                                            porta J, fazendo co
                                                            m OR
  127 00000030 4211            TST              R1, R2      ;ANDS de R1 com R2
  128 00000032 D0F2            BEQ              EsperaGPIO  ;Se o flag Z=1, vol
                                                            ta para o laço. Sen
                                                            ão continua executa
                                                            ndo
  129 00000034         
  130 00000034         ; 2. Limpar o AMSEL para desabilitar a analógica
  131 00000034 F04F 0100       MOV              R1, #0x00   ;Colocar 0 no regis
                                                            trador para desabil
                                                            itar a função analó
                                                            gica
  132 00000038 483C            LDR              R0, =GPIO_PORTA_AHB_AMSEL_R ;Ca
                                                            rrega o R0 com o en
                                                            dereço do AMSEL par
                                                            a a porta J
  133 0000003A 6001            STR              R1, [R0]    ;Guarda no registra
                                                            dor AMSEL da porta 
                                                            J da memória
  134 0000003C 483C            LDR              R0, =GPIO_PORTJ_AHB_AMSEL_R ;Ca
                                                            rrega o R0 com o en
                                                            dereço do AMSEL par
                                                            a a porta J
  135 0000003E 6001            STR              R1, [R0]    ;Guarda no registra
                                                            dor AMSEL da porta 
                                                            J da memória
  136 00000040 483C            LDR              R0, =GPIO_PORTQ_AHB_AMSEL_R ;Ca
                                                            rrega o R0 com o en
                                                            dereço do AMSEL par
                                                            a a porta F
  137 00000042 6001            STR              R1, [R0]    ;Guarda no registra
                                                            dor AMSEL da porta 
                                                            F da memória
  138 00000044 483C            LDR              R0, =GPIO_PORTB_AHB_AMSEL_R ;Ca
                                                            rrega o R0 com o en
                                                            dereço do AMSEL par
                                                            a a porta F
  139 00000046 6001            STR              R1, [R0]    ;Guarda no registra
                                                            dor AMSEL da porta 
                                                            F da memória
  140 00000048 483C            LDR              R0, =GPIO_PORTM_AHB_AMSEL_R ;Ca
                                                            rrega o R0 com o en
                                                            dereço do AMSEL par
                                                            a a porta F
  141 0000004A 6001            STR              R1, [R0]    ;Guarda no registra
                                                            dor AMSEL da porta 
                                                            F da memória
  142 0000004C         



ARM Macro Assembler    Page 7 


  143 0000004C         ; 3. Limpar PCTL para selecionar o GPIO
  144 0000004C F04F 0100       MOV              R1, #0x00   ;Colocar 0 no regis
                                                            trador para selecio
                                                            nar o modo GPIO
  145 00000050 483B            LDR              R0, =GPIO_PORTA_AHB_PCTL_R ;Car
                                                            rega o R0 com o end
                                                            ereço do PCTL para 
                                                            a porta J
  146 00000052 6001            STR              R1, [R0]    ;Guarda no registra
                                                            dor PCTL da porta J
                                                             da memória
  147 00000054 483B            LDR              R0, =GPIO_PORTJ_AHB_PCTL_R ;Car
                                                            rega o R0 com o end
                                                            ereço do PCTL para 
                                                            a porta J
  148 00000056 6001            STR              R1, [R0]    ;Guarda no registra
                                                            dor PCTL da porta J
                                                             da memória
  149 00000058 483B            LDR              R0, =GPIO_PORTQ_AHB_PCTL_R ;Car
                                                            rega o R0 com o end
                                                            ereço do PCTL para 
                                                            a porta F
  150 0000005A 6001            STR              R1, [R0]    ;Guarda no registra
                                                            dor PCTL da porta F
                                                             da memória
  151 0000005C 483B            LDR              R0, =GPIO_PORTB_AHB_PCTL_R ;Car
                                                            rega o R0 com o end
                                                            ereço do PCTL para 
                                                            a porta F
  152 0000005E 6001            STR              R1, [R0]    ;Guarda no registra
                                                            dor PCTL da porta F
                                                             da memória
  153 00000060 483B            LDR              R0, =GPIO_PORTM_AHB_PCTL_R ;Car
                                                            rega o R0 com o end
                                                            ereço do PCTL para 
                                                            a porta F
  154 00000062 6001            STR              R1, [R0]    ;Guarda no registra
                                                            dor PCTL da porta F
                                                             da memória
  155 00000064         
  156 00000064         ; 4. DIR para 0 se for entrada, 1 se for saída
  157 00000064 483B            LDR              R0, =GPIO_PORTA_AHB_DIR_R ;Carr
                                                            ega o R0 com o ende
                                                            reço do DIR para a 
                                                            porta F
  158 00000066 F04F 01F0       MOV              R1, #0XF0   ;Colocar 0 no regis
                                                            trador DIR para fun
                                                            cionar com saída
  159 0000006A 6001            STR              R1, [R0]    ;Guarda no registra
                                                            dor
  160 0000006C         ; O certo era verificar os outros bits da PF para não tr
                       ansformar entradas em saídas desnecessárias
  161 0000006C 483A            LDR              R0, =GPIO_PORTQ_AHB_DIR_R ;Carr
                                                            ega o R0 com o ende
                                                            reço do DIR para a 
                                                            porta J
  162 0000006E F04F 010F       MOV              R1, #0x0F   ;Colocar 0 no regis
                                                            trador DIR para fun
                                                            cionar com saída



ARM Macro Assembler    Page 8 


  163 00000072 6001            STR              R1, [R0]    ;Guarda no registra
                                                            dor PCTL da porta J
                                                             da memória
  164 00000074 4839            LDR              R0, =GPIO_PORTJ_AHB_DIR_R ;Carr
                                                            ega o R0 com o ende
                                                            reço do DIR para a 
                                                            porta J
  165 00000076 F04F 0100       MOV              R1, #0x00   ;Colocar 0 no regis
                                                            trador DIR para fun
                                                            cionar com saída
  166 0000007A 6001            STR              R1, [R0]    ;Guarda no registra
                                                            dor PCTL da porta J
                                                             da memória
  167 0000007C 4838            LDR              R0, =GPIO_PORTB_AHB_DIR_R ;Carr
                                                            ega o R0 com o ende
                                                            reço do DIR para a 
                                                            porta J
  168 0000007E F04F 0130       MOV              R1, #0x30   ;Colocar 0 no regis
                                                            trador DIR para fun
                                                            cionar com saída
  169 00000082 6001            STR              R1, [R0]    ;Guarda no registra
                                                            dor PCTL da porta J
                                                             da memória
  170 00000084 4837            LDR              R0, =GPIO_PORTM_AHB_DIR_R ;Carr
                                                            ega o R0 com o ende
                                                            reço do DIR para a 
                                                            porta J
  171 00000086 F04F 0140       MOV              R1, #0x40   ;Colocar 0 no regis
                                                            trador DIR para fun
                                                            cionar com saída 01
                                                            000000
  172 0000008A 6001            STR              R1, [R0]    ;Guarda no registra
                                                            dor PCTL da porta J
                                                             da memória
  173 0000008C         ; 5. Limpar os bits AFSEL para 0 para selecionar GPIO 
  174 0000008C         ;    Sem função alternativa
  175 0000008C F04F 0100       MOV              R1, #0x00   ;Colocar o valor 0 
                                                            para não setar funç
                                                            ão alternativa
  176 00000090 4835            LDR              R0, =GPIO_PORTA_AHB_AFSEL_R ;Ca
                                                            rrega o endereço do
                                                             AFSEL da porta F
  177 00000092 6001            STR              R1, [R0]    ;Escreve na porta
  178 00000094 4835            LDR              R0, =GPIO_PORTJ_AHB_AFSEL_R ;Ca
                                                            rrega o endereço do
                                                             AFSEL da porta F
  179 00000096 6001            STR              R1, [R0]    ;Escreve na porta
  180 00000098 4835            LDR              R0, =GPIO_PORTQ_AHB_AFSEL_R ;Ca
                                                            rrega o endereço do
                                                             AFSEL da porta J
  181 0000009A 6001            STR              R1, [R0]    ;Escreve na porta
  182 0000009C 4835            LDR              R0, =GPIO_PORTB_AHB_AFSEL_R ;Ca
                                                            rrega o endereço do
                                                             AFSEL da porta J
  183 0000009E 6001            STR              R1, [R0]    ;Escreve na porta
  184 000000A0 4835            LDR              R0, =GPIO_PORTM_AHB_AFSEL_R ;Ca
                                                            rrega o endereço do
                                                             AFSEL da porta J
  185 000000A2 6001            STR              R1, [R0]    ;Escreve na porta



ARM Macro Assembler    Page 9 


  186 000000A4         ; 6. Setar os bits de DEN para habilitar I/O digital
  187 000000A4 4835            LDR              R0, =GPIO_PORTA_AHB_DEN_R ;Carr
                                                            ega o endereço do D
                                                            EN
  188 000000A6 F04F 01F0       MOV              R1, #2_11110000 ;Ativa os pinos
                                                             PA4 a PA7 como I/O
                                                             Digital
  189 000000AA 6001            STR              R1, [R0]    ;Escreve no registr
                                                            ador da memória fun
                                                            cionalidade digital
                                                             
  190 000000AC         
  191 000000AC 4834            LDR              R0, =GPIO_PORTQ_AHB_DEN_R ;Carr
                                                            ega o endereço do D
                                                            EN
  192 000000AE F04F 010F       MOV              R1, #2_00001111 ;Ativa os pinos
                                                             PQ0 a PQ3 como I/O
                                                             Digital      
  193 000000B2 6001            STR              R1, [R0]    ;Escreve no registr
                                                            ador da memória fun
                                                            cionalidade digital
                                                            
  194 000000B4         
  195 000000B4 4833            LDR              R0, =GPIO_PORTB_AHB_DEN_R ;Carr
                                                            ega o endereço do D
                                                            EN
  196 000000B6 F04F 0130       MOV              R1, #2_00110000 ;Ativa os pinos
                                                             PQ0 a PQ3 como I/O
                                                             Digital      
  197 000000BA 6001            STR              R1, [R0]    ;Escreve no registr
                                                            ador da memória fun
                                                            cionalidade digital
                                                            
  198 000000BC         
  199 000000BC 4832            LDR              R0, =GPIO_PORTJ_AHB_DEN_R ;Carr
                                                            ega o endereço do D
                                                            EN
  200 000000BE F04F 0103       MOV              R1, #2_00000011 ;Ativa os pinos
                                                             PQ0 a PQ3 como I/O
                                                             Digital      
  201 000000C2 6001            STR              R1, [R0]    ;Escreve no registr
                                                            ador da memória fun
                                                            cionalidade digital
                                                            
  202 000000C4         
  203 000000C4 4831            LDR              R0, =GPIO_PORTM_AHB_DEN_R ;Carr
                                                            ega o endereço do D
                                                            EN
  204 000000C6 F04F 0140       MOV              R1, #2_01000000 ;Ativa os pinos
                                                             PQ0 a PQ3 como I/O
                                                             Digital      
  205 000000CA 6001            STR              R1, [R0]    ;Escreve no registr
                                                            ador da memória fun
                                                            cionalidade digital
                                                            
  206 000000CC         ; 7. Para habilitar resistor de pull-up interno, setar P
                       UR para 1
  207 000000CC 4830            LDR              R0, =GPIO_PORTJ_AHB_PUR_R ;Carr
                                                            ega o endereço do P



ARM Macro Assembler    Page 10 


                                                            UR para a porta J
  208 000000CE F04F 0103       MOV              R1, #2_00000011 ;Habilitar func
                                                            ionalidade digital 
                                                            de resistor de pull
                                                            -up 
  209 000000D2         ;nos bits 0 e 1
  210 000000D2 6001            STR              R1, [R0]    ;Escreve no registr
                                                            ador da memória do 
                                                            resistor de pull-up
                                                            
  211 000000D4         
  212 000000D4         
  213 000000D4         ;retorno            
  214 000000D4 4770            BX               LR
  215 000000D6         
  216 000000D6         ; ------------------------------------------------------
                       -------------------------
  217 000000D6         ; Função PortA_Output
  218 000000D6         ; Parâmetro de entrada: R0 --> se os BIT0 estão ligado o
                       u desligado
  219 000000D6         ; Parâmetro de saída: Não tem
  220 000000D6         
  221 000000D6         PortA_Output
  222 000000D6 492F            LDR              R1, =GPIO_PORTA_AHB_DATA_R ;Car
                                                            rega o valor do off
                                                            set do data registe
                                                            r
  223 000000D8         ;Read-Modify-Write para escrita
  224 000000D8 680A            LDR              R2, [R1]
  225 000000DA F022 02F0       BIC              R2, #2_11110000 ;Primeiro limpa
                                                            mos o bit do lido d
                                                            a porta R3 = R3 & 1
                                                            1111110
  226 000000DE EA40 0002       ORR              R0, R0, R2  ;Fazer o OR do lido
                                                             pela porta com o p
                                                            arâmetro de entrada
                                                            
  227 000000E2 6008            STR              R0, [R1]    ;Escreve na porta F
                                                             o barramento de da
                                                            dos dos pinos F0
  228 000000E4 4770            BX               LR
  229 000000E6         
  230 000000E6         ; Função PortA_Output
  231 000000E6         ; Parâmetro de entrada: R0 --> se os BIT0 estão ligado o
                       u desligado
  232 000000E6         ; Parâmetro de saída: Não tem
  233 000000E6         
  234 000000E6         PortB_Output
  235 000000E6 492C            LDR              R1, =GPIO_PORTB_AHB_DATA_R ;Car
                                                            rega o valor do off
                                                            set do data registe
                                                            r
  236 000000E8         ;Read-Modify-Write para escrita
  237 000000E8 680A            LDR              R2, [R1]
  238 000000EA F022 0230       BIC              R2, #2_00110000 ;Primeiro limpa
                                                            mos o bit do lido d
                                                            a porta R3 = R3 & 1
                                                            1111110
  239 000000EE EA40 0002       ORR              R0, R0, R2  ;Fazer o OR do lido



ARM Macro Assembler    Page 11 


                                                             pela porta com o p
                                                            arâmetro de entrada
                                                            
  240 000000F2 6008            STR              R0, [R1]    ;Escreve na porta F
                                                             o barramento de da
                                                            dos dos pinos F0
  241 000000F4 4770            BX               LR
  242 000000F6         
  243 000000F6         ; ------------------------------------------------------
                       -------------------------
  244 000000F6         ; Função PortQ_Output
  245 000000F6         ; Parâmetro de entrada: R0 --> se os BIT0 estão ligado o
                       u desligado
  246 000000F6         ; Parâmetro de saída: Não tem
  247 000000F6         
  248 000000F6         PortQ_Output
  249 000000F6 4929            LDR              R1, =GPIO_PORTQ_AHB_DATA_R ;Car
                                                            rega o valor do off
                                                            set do data registe
                                                            r
  250 000000F8         ;Read-Modify-Write para escrita
  251 000000F8 680A            LDR              R2, [R1]
  252 000000FA F022 020F       BIC              R2, #2_00001111 ;Primeiro limpa
                                                            mos o bit do lido d
                                                            a porta R3 = R3 & 1
                                                            1111110
  253 000000FE EA40 0002       ORR              R0, R0, R2  ;Fazer o OR do lido
                                                             pela porta com o p
                                                            arâmetro de entrada
                                                            
  254 00000102 6008            STR              R0, [R1]    ;Escreve na porta F
                                                             o barramento de da
                                                            dos dos pinos F0
  255 00000104 4770            BX               LR
  256 00000106         
  257 00000106         ; ------------------------------------------------------
                       -------------------------
  258 00000106         ; Função PortM_Output
  259 00000106         ; Parâmetro de entrada: R0 --> se é para acender ou desl
                       igar os LEDs
  260 00000106         ; Parâmetro de saída: Não tem
  261 00000106         PortM_Output
  262 00000106 4926            LDR              R1, =GPIO_PORTM_AHB_DATA_R ;Car
                                                            rega o valor do off
                                                            set do data registe
                                                            r
  263 00000108         ;Read-Modify-Write para escrita
  264 00000108 680A            LDR              R2, [R1]
  265 0000010A F022 0240       BIC              R2, #2_01000000 ;Primeiro limpa
                                                            mos o bit do lido d
                                                            a porta R3 = R3 & 1
                                                            1111110
  266 0000010E EA40 0002       ORR              R0, R0, R2  ;Fazer o OR do lido
                                                             pela porta com o p
                                                            arâmetro de entrada
                                                            
  267 00000112 6008            STR              R0, [R1]    ;Escreve na porta F
                                                             o barramento de da
                                                            dos dos pinos F0



ARM Macro Assembler    Page 12 


  268 00000114 4770            BX               LR
  269 00000116         
  270 00000116         ; ------------------------------------------------------
                       -------------------------
  271 00000116         ; Função PortJ_Input
  272 00000116         ; Parâmetro de entrada: Não tem
  273 00000116         ; Parâmetro de saída: R0 --> o valor da leitura
  274 00000116         PortJ_Input
  275 00000116 4923            LDR              R1, =GPIO_PORTJ_AHB_DATA_R ;Car
                                                            rega o valor do off
                                                            set do data registe
                                                            r
  276 00000118         ;Read-Modify-Write para escrita
  277 00000118 6808            LDR              R0, [R1]    ;Carrega em R0 o va
                                                            lor da leitura da p
                                                            orta J
  278 0000011A 4770            BX               LR
  279 0000011C         
  280 0000011C         ; ------------------------------------------------------
                       -------------------------
  281 0000011C         ; Função PortM_Input
  282 0000011C         ; Parâmetro de entrada: Não tem
  283 0000011C         ; Parâmetro de saída: R0 --> o valor da leitura
  284 0000011C         PortM_Input
  285 0000011C 4920            LDR              R1, =GPIO_PORTM_AHB_DATA_R ;Car
                                                            rega o valor do off
                                                            set do data registe
                                                            r
  286 0000011E         ;Read-Modify-Write para escrita
  287 0000011E 6808            LDR              R0, [R1]    ;Carrega em R0 o va
                                                            lor da leitura da p
                                                            orta J
  288 00000120 4770            BX               LR
  289 00000122         
  290 00000122         
  291 00000122 00 00           ALIGN                        ; garante que o fim
                                                             da seção está alin
                                                            hada 
  292 00000124                 END                          ; fim do arquivo
              400FE608 
              400FEA08 
              40058528 
              40060528 
              40066528 
              40059528 
              40063528 
              4005852C 
              4006052C 
              4006652C 
              4005952C 
              4006352C 
              40058400 
              40066400 
              40060400 
              40059400 
              40063400 
              40058420 
              40060420 
              40066420 



ARM Macro Assembler    Page 13 


              40059420 
              40063420 
              4005851C 
              4006651C 
              4005951C 
              4006051C 
              4006351C 
              40060510 
              400583FC 
              400593FC 
              400663FC 
              400633FC 
              400603FC 
Command Line: --debug --xref --diag_suppress=9931 --cpu=Cortex-M4.fp --apcs=int
erwork --depend=.\objects\gpio.d -o.\objects\gpio.o -I.\RTE\_Target_1 -IC:\Keil
_v5\ARM\PACK\Keil\TM4C_DFP\1.1.0\Device\Include\TM4C129 -IC:\Keil_v5\ARM\CMSIS\
Include --predefine="__EVAL SETA 1" --predefine="__UVISION_VERSION SETA 526" --
predefine="TM4C1294NCPDT SETA 1" --list=.\listings\gpio.lst gpio.s



ARM Macro Assembler    Page 1 Alphabetic symbol ordering
Relocatable symbols

.text 00000000

Symbol: .text
   Definitions
      At line 91 in file gpio.s
   Uses
      None
Comment: .text unused
EsperaGPIO 0000001A

Symbol: EsperaGPIO
   Definitions
      At line 121 in file gpio.s
   Uses
      At line 128 in file gpio.s
Comment: EsperaGPIO used once
GPIO_Init 00000000

Symbol: GPIO_Init
   Definitions
      At line 107 in file gpio.s
   Uses
      At line 94 in file gpio.s
Comment: GPIO_Init used once
PortA_Output 000000D6

Symbol: PortA_Output
   Definitions
      At line 221 in file gpio.s
   Uses
      At line 96 in file gpio.s
Comment: PortA_Output used once
PortB_Output 000000E6

Symbol: PortB_Output
   Definitions
      At line 234 in file gpio.s
   Uses
      At line 97 in file gpio.s
Comment: PortB_Output used once
PortJ_Input 00000116

Symbol: PortJ_Input
   Definitions
      At line 274 in file gpio.s
   Uses
      At line 98 in file gpio.s
Comment: PortJ_Input used once
PortM_Input 0000011C

Symbol: PortM_Input
   Definitions
      At line 284 in file gpio.s
   Uses
      At line 100 in file gpio.s
Comment: PortM_Input used once
PortM_Output 00000106

Symbol: PortM_Output



ARM Macro Assembler    Page 2 Alphabetic symbol ordering
Relocatable symbols

   Definitions
      At line 261 in file gpio.s
   Uses
      At line 99 in file gpio.s
Comment: PortM_Output used once
PortQ_Output 000000F6

Symbol: PortQ_Output
   Definitions
      At line 248 in file gpio.s
   Uses
      At line 95 in file gpio.s
Comment: PortQ_Output used once
9 symbols



ARM Macro Assembler    Page 1 Alphabetic symbol ordering
Absolute symbols

BIT0 00000001

Symbol: BIT0
   Definitions
      At line 13 in file gpio.s
   Uses
      None
Comment: BIT0 unused
BIT1 00000002

Symbol: BIT1
   Definitions
      At line 14 in file gpio.s
   Uses
      None
Comment: BIT1 unused
GPIO_PORTA 00000001

Symbol: GPIO_PORTA
   Definitions
      At line 64 in file gpio.s
   Uses
      At line 113 in file gpio.s
      At line 122 in file gpio.s

GPIO_PORTA_AHB_AFSEL_R 40058420

Symbol: GPIO_PORTA_AHB_AFSEL_R
   Definitions
      At line 60 in file gpio.s
   Uses
      At line 176 in file gpio.s
Comment: GPIO_PORTA_AHB_AFSEL_R used once
GPIO_PORTA_AHB_AMSEL_R 40058528

Symbol: GPIO_PORTA_AHB_AMSEL_R
   Definitions
      At line 57 in file gpio.s
   Uses
      At line 132 in file gpio.s
Comment: GPIO_PORTA_AHB_AMSEL_R used once
GPIO_PORTA_AHB_CR_R 40058524

Symbol: GPIO_PORTA_AHB_CR_R
   Definitions
      At line 56 in file gpio.s
   Uses
      None
Comment: GPIO_PORTA_AHB_CR_R unused
GPIO_PORTA_AHB_DATA_R 400583FC

Symbol: GPIO_PORTA_AHB_DATA_R
   Definitions
      At line 63 in file gpio.s
   Uses
      At line 222 in file gpio.s
Comment: GPIO_PORTA_AHB_DATA_R used once
GPIO_PORTA_AHB_DEN_R 4005851C




ARM Macro Assembler    Page 2 Alphabetic symbol ordering
Absolute symbols

Symbol: GPIO_PORTA_AHB_DEN_R
   Definitions
      At line 61 in file gpio.s
   Uses
      At line 187 in file gpio.s
Comment: GPIO_PORTA_AHB_DEN_R used once
GPIO_PORTA_AHB_DIR_R 40058400

Symbol: GPIO_PORTA_AHB_DIR_R
   Definitions
      At line 59 in file gpio.s
   Uses
      At line 157 in file gpio.s
Comment: GPIO_PORTA_AHB_DIR_R used once
GPIO_PORTA_AHB_LOCK_R 40058520

Symbol: GPIO_PORTA_AHB_LOCK_R
   Definitions
      At line 55 in file gpio.s
   Uses
      None
Comment: GPIO_PORTA_AHB_LOCK_R unused
GPIO_PORTA_AHB_PCTL_R 4005852C

Symbol: GPIO_PORTA_AHB_PCTL_R
   Definitions
      At line 58 in file gpio.s
   Uses
      At line 145 in file gpio.s
Comment: GPIO_PORTA_AHB_PCTL_R used once
GPIO_PORTA_AHB_PUR_R 40058510

Symbol: GPIO_PORTA_AHB_PUR_R
   Definitions
      At line 62 in file gpio.s
   Uses
      None
Comment: GPIO_PORTA_AHB_PUR_R unused
GPIO_PORTB 00000002

Symbol: GPIO_PORTB
   Definitions
      At line 86 in file gpio.s
   Uses
      At line 115 in file gpio.s
      At line 124 in file gpio.s

GPIO_PORTB_AHB_AFSEL_R 40059420

Symbol: GPIO_PORTB_AHB_AFSEL_R
   Definitions
      At line 82 in file gpio.s
   Uses
      At line 182 in file gpio.s
Comment: GPIO_PORTB_AHB_AFSEL_R used once
GPIO_PORTB_AHB_AMSEL_R 40059528

Symbol: GPIO_PORTB_AHB_AMSEL_R
   Definitions



ARM Macro Assembler    Page 3 Alphabetic symbol ordering
Absolute symbols

      At line 79 in file gpio.s
   Uses
      At line 138 in file gpio.s
Comment: GPIO_PORTB_AHB_AMSEL_R used once
GPIO_PORTB_AHB_CR_R 40059524

Symbol: GPIO_PORTB_AHB_CR_R
   Definitions
      At line 78 in file gpio.s
   Uses
      None
Comment: GPIO_PORTB_AHB_CR_R unused
GPIO_PORTB_AHB_DATA_R 400593FC

Symbol: GPIO_PORTB_AHB_DATA_R
   Definitions
      At line 85 in file gpio.s
   Uses
      At line 235 in file gpio.s
Comment: GPIO_PORTB_AHB_DATA_R used once
GPIO_PORTB_AHB_DEN_R 4005951C

Symbol: GPIO_PORTB_AHB_DEN_R
   Definitions
      At line 83 in file gpio.s
   Uses
      At line 195 in file gpio.s
Comment: GPIO_PORTB_AHB_DEN_R used once
GPIO_PORTB_AHB_DIR_R 40059400

Symbol: GPIO_PORTB_AHB_DIR_R
   Definitions
      At line 81 in file gpio.s
   Uses
      At line 167 in file gpio.s
Comment: GPIO_PORTB_AHB_DIR_R used once
GPIO_PORTB_AHB_LOCK_R 40059520

Symbol: GPIO_PORTB_AHB_LOCK_R
   Definitions
      At line 77 in file gpio.s
   Uses
      None
Comment: GPIO_PORTB_AHB_LOCK_R unused
GPIO_PORTB_AHB_PCTL_R 4005952C

Symbol: GPIO_PORTB_AHB_PCTL_R
   Definitions
      At line 80 in file gpio.s
   Uses
      At line 151 in file gpio.s
Comment: GPIO_PORTB_AHB_PCTL_R used once
GPIO_PORTB_AHB_PUR_R 40059510

Symbol: GPIO_PORTB_AHB_PUR_R
   Definitions
      At line 84 in file gpio.s
   Uses
      None



ARM Macro Assembler    Page 4 Alphabetic symbol ordering
Absolute symbols

Comment: GPIO_PORTB_AHB_PUR_R unused
GPIO_PORTF 00000020

Symbol: GPIO_PORTF
   Definitions
      At line 53 in file gpio.s
   Uses
      None
Comment: GPIO_PORTF unused
GPIO_PORTF_AHB_AFSEL_R 4005D420

Symbol: GPIO_PORTF_AHB_AFSEL_R
   Definitions
      At line 49 in file gpio.s
   Uses
      None
Comment: GPIO_PORTF_AHB_AFSEL_R unused
GPIO_PORTF_AHB_AMSEL_R 4005D528

Symbol: GPIO_PORTF_AHB_AMSEL_R
   Definitions
      At line 46 in file gpio.s
   Uses
      None
Comment: GPIO_PORTF_AHB_AMSEL_R unused
GPIO_PORTF_AHB_CR_R 4005D524

Symbol: GPIO_PORTF_AHB_CR_R
   Definitions
      At line 45 in file gpio.s
   Uses
      None
Comment: GPIO_PORTF_AHB_CR_R unused
GPIO_PORTF_AHB_DATA_R 4005D3FC

Symbol: GPIO_PORTF_AHB_DATA_R
   Definitions
      At line 52 in file gpio.s
   Uses
      None
Comment: GPIO_PORTF_AHB_DATA_R unused
GPIO_PORTF_AHB_DEN_R 4005D51C

Symbol: GPIO_PORTF_AHB_DEN_R
   Definitions
      At line 50 in file gpio.s
   Uses
      None
Comment: GPIO_PORTF_AHB_DEN_R unused
GPIO_PORTF_AHB_DIR_R 4005D400

Symbol: GPIO_PORTF_AHB_DIR_R
   Definitions
      At line 48 in file gpio.s
   Uses
      None
Comment: GPIO_PORTF_AHB_DIR_R unused
GPIO_PORTF_AHB_LOCK_R 4005D520




ARM Macro Assembler    Page 5 Alphabetic symbol ordering
Absolute symbols

Symbol: GPIO_PORTF_AHB_LOCK_R
   Definitions
      At line 44 in file gpio.s
   Uses
      None
Comment: GPIO_PORTF_AHB_LOCK_R unused
GPIO_PORTF_AHB_PCTL_R 4005D52C

Symbol: GPIO_PORTF_AHB_PCTL_R
   Definitions
      At line 47 in file gpio.s
   Uses
      None
Comment: GPIO_PORTF_AHB_PCTL_R unused
GPIO_PORTF_AHB_PUR_R 4005D510

Symbol: GPIO_PORTF_AHB_PUR_R
   Definitions
      At line 51 in file gpio.s
   Uses
      None
Comment: GPIO_PORTF_AHB_PUR_R unused
GPIO_PORTJ 00000100

Symbol: GPIO_PORTJ
   Definitions
      At line 42 in file gpio.s
   Uses
      At line 116 in file gpio.s
      At line 125 in file gpio.s

GPIO_PORTJ_AHB_AFSEL_R 40060420

Symbol: GPIO_PORTJ_AHB_AFSEL_R
   Definitions
      At line 38 in file gpio.s
   Uses
      At line 178 in file gpio.s
Comment: GPIO_PORTJ_AHB_AFSEL_R used once
GPIO_PORTJ_AHB_AMSEL_R 40060528

Symbol: GPIO_PORTJ_AHB_AMSEL_R
   Definitions
      At line 35 in file gpio.s
   Uses
      At line 134 in file gpio.s
Comment: GPIO_PORTJ_AHB_AMSEL_R used once
GPIO_PORTJ_AHB_CR_R 40060524

Symbol: GPIO_PORTJ_AHB_CR_R
   Definitions
      At line 34 in file gpio.s
   Uses
      None
Comment: GPIO_PORTJ_AHB_CR_R unused
GPIO_PORTJ_AHB_DATA_R 400603FC

Symbol: GPIO_PORTJ_AHB_DATA_R
   Definitions



ARM Macro Assembler    Page 6 Alphabetic symbol ordering
Absolute symbols

      At line 41 in file gpio.s
   Uses
      At line 275 in file gpio.s
Comment: GPIO_PORTJ_AHB_DATA_R used once
GPIO_PORTJ_AHB_DEN_R 4006051C

Symbol: GPIO_PORTJ_AHB_DEN_R
   Definitions
      At line 39 in file gpio.s
   Uses
      At line 199 in file gpio.s
Comment: GPIO_PORTJ_AHB_DEN_R used once
GPIO_PORTJ_AHB_DIR_R 40060400

Symbol: GPIO_PORTJ_AHB_DIR_R
   Definitions
      At line 37 in file gpio.s
   Uses
      At line 164 in file gpio.s
Comment: GPIO_PORTJ_AHB_DIR_R used once
GPIO_PORTJ_AHB_LOCK_R 40060520

Symbol: GPIO_PORTJ_AHB_LOCK_R
   Definitions
      At line 33 in file gpio.s
   Uses
      None
Comment: GPIO_PORTJ_AHB_LOCK_R unused
GPIO_PORTJ_AHB_PCTL_R 4006052C

Symbol: GPIO_PORTJ_AHB_PCTL_R
   Definitions
      At line 36 in file gpio.s
   Uses
      At line 147 in file gpio.s
Comment: GPIO_PORTJ_AHB_PCTL_R used once
GPIO_PORTJ_AHB_PUR_R 40060510

Symbol: GPIO_PORTJ_AHB_PUR_R
   Definitions
      At line 40 in file gpio.s
   Uses
      At line 207 in file gpio.s
Comment: GPIO_PORTJ_AHB_PUR_R used once
GPIO_PORTM 00000800

Symbol: GPIO_PORTM
   Definitions
      At line 31 in file gpio.s
   Uses
      At line 117 in file gpio.s
      At line 126 in file gpio.s

GPIO_PORTM_AHB_AFSEL_R 40063420

Symbol: GPIO_PORTM_AHB_AFSEL_R
   Definitions
      At line 27 in file gpio.s
   Uses



ARM Macro Assembler    Page 7 Alphabetic symbol ordering
Absolute symbols

      At line 184 in file gpio.s
Comment: GPIO_PORTM_AHB_AFSEL_R used once
GPIO_PORTM_AHB_AMSEL_R 40063528

Symbol: GPIO_PORTM_AHB_AMSEL_R
   Definitions
      At line 24 in file gpio.s
   Uses
      At line 140 in file gpio.s
Comment: GPIO_PORTM_AHB_AMSEL_R used once
GPIO_PORTM_AHB_CR_R 40063524

Symbol: GPIO_PORTM_AHB_CR_R
   Definitions
      At line 23 in file gpio.s
   Uses
      None
Comment: GPIO_PORTM_AHB_CR_R unused
GPIO_PORTM_AHB_DATA_R 400633FC

Symbol: GPIO_PORTM_AHB_DATA_R
   Definitions
      At line 30 in file gpio.s
   Uses
      At line 262 in file gpio.s
      At line 285 in file gpio.s

GPIO_PORTM_AHB_DEN_R 4006351C

Symbol: GPIO_PORTM_AHB_DEN_R
   Definitions
      At line 28 in file gpio.s
   Uses
      At line 203 in file gpio.s
Comment: GPIO_PORTM_AHB_DEN_R used once
GPIO_PORTM_AHB_DIR_R 40063400

Symbol: GPIO_PORTM_AHB_DIR_R
   Definitions
      At line 26 in file gpio.s
   Uses
      At line 170 in file gpio.s
Comment: GPIO_PORTM_AHB_DIR_R used once
GPIO_PORTM_AHB_LOCK_R 40063520

Symbol: GPIO_PORTM_AHB_LOCK_R
   Definitions
      At line 22 in file gpio.s
   Uses
      None
Comment: GPIO_PORTM_AHB_LOCK_R unused
GPIO_PORTM_AHB_PCTL_R 4006352C

Symbol: GPIO_PORTM_AHB_PCTL_R
   Definitions
      At line 25 in file gpio.s
   Uses
      At line 153 in file gpio.s
Comment: GPIO_PORTM_AHB_PCTL_R used once



ARM Macro Assembler    Page 8 Alphabetic symbol ordering
Absolute symbols

GPIO_PORTM_AHB_PUR_R 40063510

Symbol: GPIO_PORTM_AHB_PUR_R
   Definitions
      At line 29 in file gpio.s
   Uses
      None
Comment: GPIO_PORTM_AHB_PUR_R unused
GPIO_PORTQ 00004000

Symbol: GPIO_PORTQ
   Definitions
      At line 75 in file gpio.s
   Uses
      At line 114 in file gpio.s
      At line 123 in file gpio.s

GPIO_PORTQ_AHB_AFSEL_R 40066420

Symbol: GPIO_PORTQ_AHB_AFSEL_R
   Definitions
      At line 71 in file gpio.s
   Uses
      At line 180 in file gpio.s
Comment: GPIO_PORTQ_AHB_AFSEL_R used once
GPIO_PORTQ_AHB_AMSEL_R 40066528

Symbol: GPIO_PORTQ_AHB_AMSEL_R
   Definitions
      At line 68 in file gpio.s
   Uses
      At line 136 in file gpio.s
Comment: GPIO_PORTQ_AHB_AMSEL_R used once
GPIO_PORTQ_AHB_CR_R 40066524

Symbol: GPIO_PORTQ_AHB_CR_R
   Definitions
      At line 67 in file gpio.s
   Uses
      None
Comment: GPIO_PORTQ_AHB_CR_R unused
GPIO_PORTQ_AHB_DATA_R 400663FC

Symbol: GPIO_PORTQ_AHB_DATA_R
   Definitions
      At line 74 in file gpio.s
   Uses
      At line 249 in file gpio.s
Comment: GPIO_PORTQ_AHB_DATA_R used once
GPIO_PORTQ_AHB_DEN_R 4006651C

Symbol: GPIO_PORTQ_AHB_DEN_R
   Definitions
      At line 72 in file gpio.s
   Uses
      At line 191 in file gpio.s
Comment: GPIO_PORTQ_AHB_DEN_R used once
GPIO_PORTQ_AHB_DIR_R 40066400




ARM Macro Assembler    Page 9 Alphabetic symbol ordering
Absolute symbols

Symbol: GPIO_PORTQ_AHB_DIR_R
   Definitions
      At line 70 in file gpio.s
   Uses
      At line 161 in file gpio.s
Comment: GPIO_PORTQ_AHB_DIR_R used once
GPIO_PORTQ_AHB_LOCK_R 40066520

Symbol: GPIO_PORTQ_AHB_LOCK_R
   Definitions
      At line 66 in file gpio.s
   Uses
      None
Comment: GPIO_PORTQ_AHB_LOCK_R unused
GPIO_PORTQ_AHB_PCTL_R 4006652C

Symbol: GPIO_PORTQ_AHB_PCTL_R
   Definitions
      At line 69 in file gpio.s
   Uses
      At line 149 in file gpio.s
Comment: GPIO_PORTQ_AHB_PCTL_R used once
GPIO_PORTQ_AHB_PUR_R 40066510

Symbol: GPIO_PORTQ_AHB_PUR_R
   Definitions
      At line 73 in file gpio.s
   Uses
      None
Comment: GPIO_PORTQ_AHB_PUR_R unused
SYSCTL_PRGPIO_R 400FEA08

Symbol: SYSCTL_PRGPIO_R
   Definitions
      At line 18 in file gpio.s
   Uses
      At line 120 in file gpio.s
Comment: SYSCTL_PRGPIO_R used once
SYSCTL_RCGCGPIO_R 400FE608

Symbol: SYSCTL_RCGCGPIO_R
   Definitions
      At line 17 in file gpio.s
   Uses
      At line 112 in file gpio.s
Comment: SYSCTL_RCGCGPIO_R used once
64 symbols
409 symbols in table
